2024-05-30T04:07:04.811Z 0: 

----------------------------------------------
2024-05-30T04:07:04.825Z 1: Discord starting: {"releaseChannel":"stable","version":"0.0.54"}, modulepath: /home/mattw/.config/discord/0.0.54/modules
2024-05-30T04:07:04.828Z 2: ✅ webContents.created web1 ""
2024-05-30T04:07:04.830Z 3: ✅ window.created win1 "discord"
2024-05-30T04:07:05.073Z 4: ✅ webContents.did-finish-load web1
2024-05-30T04:07:13.022Z 5: ✅ webContents.created web2 ""
2024-05-30T04:07:13.062Z 6: ✅ window.created win2 "Discord"
2024-05-30T04:07:15.532Z 7: ✅ webContents.did-finish-load web2
2024-05-30T04:07:15.631Z 8: window.close win1
2024-05-30T04:07:15.647Z 9: webContents.destroyed web1
2024-05-30T04:07:15.648Z 10: window.closed win1
2024-05-30T04:10:09.372Z 11: window.close win2
2024-05-30T04:12:03.816Z 12: before-quit
2024-05-30T04:12:03.843Z 13: window.close win2
2024-05-30T19:55:03.155Z 0: 

----------------------------------------------
2024-05-30T19:55:03.175Z 1: Discord starting: {"releaseChannel":"stable","version":"0.0.54"}, modulepath: /home/mattw/.config/discord/0.0.54/modules
2024-05-30T19:55:03.189Z 2: ✅ webContents.created web1 ""
2024-05-30T19:55:03.192Z 3: ✅ window.created win1 "discord"
2024-05-30T19:55:03.477Z 4: ✅ webContents.did-finish-load web1
2024-05-30T19:55:04.288Z 5: ✅ webContents.created web2 ""
2024-05-30T19:55:04.320Z 6: ✅ window.created win2 "Discord"
2024-05-30T19:55:05.397Z 7: window.close win1
2024-05-30T19:55:05.403Z 8: webContents.destroyed web1
2024-05-30T19:55:05.404Z 9: window.closed win1
2024-05-30T19:55:06.531Z 10: ✅ webContents.did-finish-load web2
2024-05-30T19:55:07.926Z 11: window.close win2
2024-05-30T22:10:45.115Z 12: before-quit
2024-05-30T22:10:45.118Z 13: window.close win2
2024-05-30T22:10:45.154Z 14: ❌ child-process-gone {
  type: 'Utility',
  reason: 'killed',
  exitCode: 15,
  serviceName: 'network.mojom.NetworkService',
  name: 'Network Service'
}
2024-05-30T22:10:45.170Z 15: ❌ child-process-gone {
  type: 'Utility',
  reason: 'killed',
  exitCode: 15,
  serviceName: 'audio.mojom.AudioService',
  name: 'Audio Service'
}
2024-05-30T22:10:45.209Z 16: ❌ render-process-gone { reason: 'killed', exitCode: 15 }
2024-06-04T04:00:45.499Z 0: 

----------------------------------------------
2024-06-04T04:00:45.524Z 1: Discord starting: {"releaseChannel":"stable","version":"0.0.54"}, modulepath: /home/mattw/.config/discord/0.0.54/modules
2024-06-04T04:00:45.537Z 2: ✅ webContents.created web1 ""
2024-06-04T04:00:45.539Z 3: ✅ window.created win1 "discord"
2024-06-04T04:00:45.724Z 4: webContents.destroyed web1
2024-06-06T07:24:26.406Z 0: 

----------------------------------------------
2024-06-06T07:24:26.422Z 1: Discord starting: {"releaseChannel":"stable","version":"0.0.54"}, modulepath: /home/mattw/.config/discord/0.0.54/modules
2024-06-06T07:24:26.435Z 2: ✅ webContents.created web1 ""
2024-06-06T07:24:26.438Z 3: ✅ window.created win1 "discord"
2024-06-06T07:24:26.702Z 4: ✅ webContents.did-finish-load web1
2024-06-06T07:24:27.875Z 5: webContents.destroyed web1
